Listing Files
File #1  Daily Metrics Sheet RPO 5
application/vnd.openxmlformats-officedocument.spreadsheetml.sheet
https://docs.google.com/spreadsheets/export?id=11BpNkBmFknC8kGXlArknWlyFsSH0mt4O6ZiF0IXWIT4&exportFormat=xlsx
File #2  RPO Requisition Templates Form Responses 1
application/vnd.openxmlformats-officedocument.spreadsheetml.sheet
https://docs.google.com/spreadsheets/export?id=10FrT40LesMfdd1yOFe26nlnJXuiOtOW8_Ez1U_tp2UU&exportFormat=xlsx
File #3  Daily Metrics Sheet RPO 2
application/vnd.openxmlformats-officedocument.spreadsheetml.sheet
https://docs.google.com/spreadsheets/export?id=1-PhxVkO4C17bhCYJFcbtxKgps64hNFROULhABDksG2M&exportFormat=xlsx
File #4  Daily Metrics Sheet RPO 19
application/vnd.openxmlformats-officedocument.spreadsheetml.sheet
https://docs.google.com/spreadsheets/export?id=10zn79uMdLpBDb0qnpYWpZm1RvRhZdEUVo4h-GBRY9zQ&exportFormat=xlsx
File #5  Daily Metrics Sheet RPO 10
application/vnd.openxmlformats-officedocument.spreadsheetml.sheet
https://docs.google.com/spreadsheets/export?id=1R1yPnOT4FtDph9UKnQtTQXZuMtkJPDjQTE9Y4EDlTWU&exportFormat=xlsx
File #6  Daily Metrics Sheet RPO 3
application/vnd.openxmlformats-officedocument.spreadsheetml.sheet
https://docs.google.com/spreadsheets/export?id=1mhPfnQp-1wqrbdsKLJYblYyW2fcKWzVFUQrJsEwsWCs&exportFormat=xlsx
File #7  Billing and Cash In
application/vnd.openxmlformats-officedocument.spreadsheetml.sheet
https://docs.google.com/spreadsheets/export?id=1tohb045IJaFEGv96A4iINQN2z2EdeCuO3-7824HOx90&exportFormat=xlsx
File #8  Daily Metrics Sheet RPO 4
application/vnd.openxmlformats-officedocument.spreadsheetml.sheet
https://docs.google.com/spreadsheets/export?id=1mH11e6QwaN4vbrFKC-Pno4ctuEU09onhpzsOqS_uuPU&exportFormat=xlsx
File #9  Daily Metrics Sheet RPO 21
application/vnd.openxmlformats-officedocument.spreadsheetml.sheet
https://docs.google.com/spreadsheets/export?id=1rObodtDv0hdrho5wqc1NEy9513ocdGCHEyfvI0ulVBA&exportFormat=xlsx
File #10  Daily Metrics Sheet RPO 9
application/vnd.openxmlformats-officedocument.spreadsheetml.sheet
https://docs.google.com/spreadsheets/export?id=1u6A8MT_1rnImda6AXJnmEPuYSZjMduIuzS30n5ASWIM&exportFormat=xlsx
File #11  Requisition Templates Form New Responses
application/vnd.openxmlformats-officedocument.spreadsheetml.sheet
https://docs.google.com/spreadsheets/export?id=14o6K_ASuECdbIorTALVJgFbIHJDCoTATbTMrdE17sOo&exportFormat=xlsx
File #12  Daily Metrics Sheet RPO 12
application/vnd.openxmlformats-officedocument.spreadsheetml.sheet
https://docs.google.com/spreadsheets/export?id=1h1kOASZKNIutLOSstNXzwDhT0RT04QkQCD7h2vtK4Fg&exportFormat=xlsx
File #13  Daily Metrics Sheet RPO 13
application/vnd.openxmlformats-officedocument.spreadsheetml.sheet
https://docs.google.com/spreadsheets/export?id=1ctRGzMa7gSl_tvdZ_3nefa1VgWqmR4h4jgPTbUBwNm0&exportFormat=xlsx
File #14  Daily Metrics Sheet RPO 8
application/vnd.openxmlformats-officedocument.spreadsheetml.sheet
https://docs.google.com/spreadsheets/export?id=1XR9G7tXbhDgZzWNXE05STTv0ksmSwc4a7OQ1XmPRMRw&exportFormat=xlsx
File #15  Daily Metrics Sheet RPO 15
application/vnd.openxmlformats-officedocument.spreadsheetml.sheet
https://docs.google.com/spreadsheets/export?id=1ON0m75lLJBTPJ8lJvVEcU3tqM9wbcda8Rf8PyMgLKg4&exportFormat=xlsx
File #16  Daily Metrics Sheet RPO 18
application/vnd.openxmlformats-officedocument.spreadsheetml.sheet
https://docs.google.com/spreadsheets/export?id=1PRiEqa7UXAPW59HBkd5YKazCd3Mo1tqGEuH9rrPEJeE&exportFormat=xlsx
File #17  Daily Metrics Sheet RPO 17
application/vnd.openxmlformats-officedocument.spreadsheetml.sheet
https://docs.google.com/spreadsheets/export?id=1YGKMNsHdVubpyyUhBST7C_xPhvdK7d2x34MTDFnwsPU&exportFormat=xlsx
File #18  Daily Metrics Sheet RPO 22
application/vnd.openxmlformats-officedocument.spreadsheetml.sheet
https://docs.google.com/spreadsheets/export?id=1Qgiet3YAe386zlxMQ42pAOajU954zzjo5cEL3-4Z24I&exportFormat=xlsx
File #19  Daily Metrics Sheet RPO 11
application/vnd.openxmlformats-officedocument.spreadsheetml.sheet
https://docs.google.com/spreadsheets/export?id=1FkU4lbj3kLnLGwK9qFInLjroxplZSaBsGMGF63vSR1k&exportFormat=xlsx
File #20  Core Business Templates Responses
application/vnd.openxmlformats-officedocument.spreadsheetml.sheet
https://docs.google.com/spreadsheets/export?id=1-Ie4JD0QnCSOmM9OkSg02Qx9bkVXPxGYukKYza4UQNA&exportFormat=xlsx
File #21  Daily Metrics Sheet RPO 16
application/vnd.openxmlformats-officedocument.spreadsheetml.sheet
https://docs.google.com/spreadsheets/export?id=1Ap1aDtZBie-cXvDlssFKMVzO8xHoYOwwLbfRCZwBC2E&exportFormat=xlsx
File #22  Daily Metrics Sheet RPO 14
application/vnd.openxmlformats-officedocument.spreadsheetml.sheet
https://docs.google.com/spreadsheets/export?id=1bePCTlfIdL8cpnPg_9y3Oi9lO-lsEkaK6WA_NERg2vA&exportFormat=xlsx
File #23  Daily Metrics Sheet RPO 1
application/vnd.openxmlformats-officedocument.spreadsheetml.sheet
https://docs.google.com/spreadsheets/export?id=13pFXEnUdmWITk-3FUmkxzeh8_gp7Hr6zbM1L3yD0-IY&exportFormat=xlsx
File #24  KD DMS
application/vnd.openxmlformats-officedocument.spreadsheetml.sheet
https://docs.google.com/spreadsheets/export?id=1uvaFaSXAmucHlfAuPZfF3IWALVptQVb0Kx20_wtbAmk&exportFormat=xlsx
File #25  Daily Metrics Sheet RPO 25
application/vnd.openxmlformats-officedocument.spreadsheetml.sheet
https://docs.google.com/spreadsheets/export?id=1HKuPYe3SfBRYoMqJ229xyD2N_5HWe3ThsdsDavfsVMM&exportFormat=xlsx
File #26  Daily Metrics Sheet RPO 24
application/vnd.openxmlformats-officedocument.spreadsheetml.sheet
https://docs.google.com/spreadsheets/export?id=1zIU9UHH2DPqWqGpUlAAdRj5jjnDFEXlVgWwh3gPsqqU&exportFormat=xlsx
File #27  Daily Metrics Sheet RPO 23
application/vnd.openxmlformats-officedocument.spreadsheetml.sheet
https://docs.google.com/spreadsheets/export?id=1ixfPy-LDhz2Blg-wpf8hVgqjNvSMXySpmMRuBSkDqxE&exportFormat=xlsx
File #28  Daily Metrics Sheet RPO 20
application/vnd.openxmlformats-officedocument.spreadsheetml.sheet
https://docs.google.com/spreadsheets/export?id=1H87zfYbunBSYO1iwB3x9AZwozFJ29q_YMVo52vnvlkg&exportFormat=xlsx
File #29  Daily Metrics Sheet RPO 7
application/vnd.openxmlformats-officedocument.spreadsheetml.sheet
https://docs.google.com/spreadsheets/export?id=1sttAkyMwgeNjyIEByrkJcLuRB-TX3RMDLvYAUE8WWAE&exportFormat=xlsx
File #30  Daily Metrics Sheet RPO FILLS
application/vnd.openxmlformats-officedocument.spreadsheetml.sheet
https://docs.google.com/spreadsheets/export?id=11aFGOA9HFp9lczAOQ5vGl3_uxZORq_ayoKcWAhQA9ug&exportFormat=xlsx
File #31  Daily Metrics Sheet RPO 6
application/vnd.openxmlformats-officedocument.spreadsheetml.sheet
https://docs.google.com/spreadsheets/export?id=1ZLhOvsdRmqcWomTVHyUBuqC9Wy8qc8iuX6CLHlucmiI&exportFormat=xlsx
File #32  Personify Team Structure
application/vnd.openxmlformats-officedocument.spreadsheetml.sheet
https://docs.google.com/spreadsheets/export?id=1IhIZ5HuV2PsKoFIHtf4iTAhAFFqCbYAHkOy9YTbgDlA&exportFormat=xlsx
File #33  Core Weekly Tracker
application/vnd.openxmlformats-officedocument.spreadsheetml.sheet
https://docs.google.com/spreadsheets/export?id=1Qpt_Wi1_I1f0Z0GvG-Brl55i8cnb0oFjyoon2KzKZU0&exportFormat=xlsx
File #34  All Time Call Report
application/vnd.openxmlformats-officedocument.spreadsheetml.sheet
https://docs.google.com/spreadsheets/export?id=12RYSNEvL_4PGFDVvP18CGsgHTOIn0cEtiwOTfa-vCBI&exportFormat=xlsx
File #35  10 Year Bond Source
application/vnd.openxmlformats-officedocument.spreadsheetml.sheet
https://docs.google.com/spreadsheets/export?id=1dsfU2v1VOdMLJJn8N5U5B5mwNb5yf4TbsNI1s6Vhdgc&exportFormat=xlsx
File #36  2 Year Bond Source
application/vnd.openxmlformats-officedocument.spreadsheetml.sheet
https://docs.google.com/spreadsheets/export?id=1YsBIClm77sntVklT4Az9UUCpe0Vxyc5xr6E3wCYbzqg&exportFormat=xlsx
File #37  GDP
application/vnd.openxmlformats-officedocument.spreadsheetml.sheet
https://docs.google.com/spreadsheets/export?id=19Ot5y92BxJEHNk5kkmZRajRc4FBYU2cw3-plF_uSgyw&exportFormat=xlsx
File #38  RPO Calculated Fee
application/vnd.openxmlformats-officedocument.spreadsheetml.sheet
https://docs.google.com/spreadsheets/export?id=1WcekcuQcDOr-ZzRXTL_WdxFw4v1fo6C4mgxmqreBi_o&exportFormat=xlsx
File #39  RPO Milestones
application/vnd.openxmlformats-officedocument.spreadsheetml.sheet
https://docs.google.com/spreadsheets/export?id=1Srx9WiGyoyWCk15nCA8J--dxQZOL11QWvocWXD0NPa8&exportFormat=xlsx
File #40  High Level Dashboard Thresholds
application/vnd.openxmlformats-officedocument.spreadsheetml.sheet
https://docs.google.com/spreadsheets/export?id=106T01slQZQDpcVzg72zD13mIr1IpAMKhGfSLvzPiOT8&exportFormat=xlsx
Personify Team Structure.xlsx downloaded to downloads
GDP.xlsx downloaded to downloads
High Level Dashboard Thresholds.xlsx downloaded to downloads
Daily Metrics Sheet RPO 5.xlsx downloaded to downloads
RPO Calculated Fee.xlsx downloaded to downloads
RPO Milestones.xlsx downloaded to downloads
Daily Metrics Sheet RPO 13.xlsx downloaded to downloads
Daily Metrics Sheet RPO 22.xlsx downloaded to downloads
Daily Metrics Sheet RPO 15.xlsx downloaded to downloads
Daily Metrics Sheet RPO 7.xlsx downloaded to downloads
Daily Metrics Sheet RPO 4.xlsx downloaded to downloads
Daily Metrics Sheet RPO 23.xlsx downloaded to downloads
2 Year Bond Source.xlsx downloaded to downloads
Daily Metrics Sheet RPO 2.xlsx downloaded to downloads
Daily Metrics Sheet RPO 25.xlsx downloaded to downloads
All Time Call Report.xlsx downloaded to downloads
Daily Metrics Sheet RPO 9.xlsx downloaded to downloads
Daily Metrics Sheet RPO 20.xlsx downloaded to downloads
10 Year Bond Source.xlsx downloaded to downloads
Daily Metrics Sheet RPO 17.xlsx downloaded to downloads
Daily Metrics Sheet RPO 14.xlsx downloaded to downloads
Daily Metrics Sheet RPO 24.xlsx downloaded to downloads
Daily Metrics Sheet RPO 8.xlsx downloaded to downloads
Daily Metrics Sheet RPO 18.xlsx downloaded to downloads
Daily Metrics Sheet RPO 19.xlsx downloaded to downloads
Core Weekly Tracker.xlsx downloaded to downloads
Daily Metrics Sheet RPO 6.xlsx downloaded to downloads
Daily Metrics Sheet RPO 21.xlsx downloaded to downloads
Daily Metrics Sheet RPO 10.xlsx downloaded to downloads
Daily Metrics Sheet RPO 12.xlsx downloaded to downloads
RPO Requisition Templates Form Responses 1.xlsx downloaded to downloads
Core Business Templates Responses.xlsx downloaded to downloads
Daily Metrics Sheet RPO 3.xlsx downloaded to downloads
Daily Metrics Sheet RPO 1.xlsx downloaded to downloads
Daily Metrics Sheet RPO 11.xlsx downloaded to downloads
KD DMS.xlsx downloaded to downloads
Daily Metrics Sheet RPO 16.xlsx downloaded to downloads
Requisition Templates Form New Responses.xlsx downloaded to downloads
Billing and Cash In.xlsx downloaded to downloads
Daily Metrics Sheet RPO FILLS.xlsx downloaded to downloads
download in progress...
10 Year Bond
2 Year Bond
All Time Call Report
Billing and CashIn
Validation
Form Responses 1
Weekly Tracker Numbers
Cady DMS
VALIDATION
Sheet 1
VALIDATION
DMS
VALIDATION
DMS
VALIDATION
DMS
VALIDATION
Tripp
VALIDATION
DMS
VALIDATION
DMS
VALIDATION
Amanda DMS
VALIDATION
DMS
VALIDATION
Team Matt
VALIDATION
DMS
VALIDATION
DMS
VALIDATION
DMS
VALIDATION
DMS
VALIDATION
DMS
VALIDATION
DMS
VALIDATION
Sheet1
VALIDATION
DMS
VALIDATION
DMS
VALIDATION
Kasey
VALIDATION
Sheet 1
VALIDATION
Sheet 1
VALIDATION
Maddie
VALIDATION
Priscilla CDS
VALIDATION
Team Matt
VALIDATION
GDP
Sheet1
Kyle
VALIDATION
Sheet1
Form Responses 1
Sheet1
Sheet1
Form Responses 1
conversion to CSV in progress...
data transfer in progress...
