Daily Metrics Sheet RPO 5.xlsx :: Daily Metrics Sheet RPO 5
RPO Requisition Templates Form Responses 1.xlsx :: RPO Requisition Templates Form Responses 1
Daily Metrics Sheet RPO 2.xlsx :: Daily Metrics Sheet RPO 2
Daily Metrics Sheet RPO 19.xlsx :: Daily Metrics Sheet RPO 19
Daily Metrics Sheet RPO 10.xlsx :: Daily Metrics Sheet RPO 10
Daily Metrics Sheet RPO 3.xlsx :: Daily Metrics Sheet RPO 3
Billing and Cash In.xlsx :: Billing and Cash In
Daily Metrics Sheet RPO 4.xlsx :: Daily Metrics Sheet RPO 4
Daily Metrics Sheet RPO 21.xlsx :: Daily Metrics Sheet RPO 21
Daily Metrics Sheet RPO 9.xlsx :: Daily Metrics Sheet RPO 9
Requisition Templates Form New Responses.xlsx :: Requisition Templates Form New Responses
Daily Metrics Sheet RPO 12.xlsx :: Daily Metrics Sheet RPO 12
Daily Metrics Sheet RPO 13.xlsx :: Daily Metrics Sheet RPO 13
Daily Metrics Sheet RPO 8.xlsx :: Daily Metrics Sheet RPO 8
Daily Metrics Sheet RPO 15.xlsx :: Daily Metrics Sheet RPO 15
Daily Metrics Sheet RPO 18.xlsx :: Daily Metrics Sheet RPO 18
Daily Metrics Sheet RPO 17.xlsx :: Daily Metrics Sheet RPO 17
Daily Metrics Sheet RPO 22.xlsx :: Daily Metrics Sheet RPO 22
Daily Metrics Sheet RPO 11.xlsx :: Daily Metrics Sheet RPO 11
Core Business Templates Responses.xlsx :: Core Business Templates Responses
Daily Metrics Sheet RPO 16.xlsx :: Daily Metrics Sheet RPO 16
Daily Metrics Sheet RPO 14.xlsx :: Daily Metrics Sheet RPO 14
Daily Metrics Sheet RPO 1.xlsx :: Daily Metrics Sheet RPO 1
KD DMS.xlsx :: KD DMS
Daily Metrics Sheet RPO 25.xlsx :: Daily Metrics Sheet RPO 25
Daily Metrics Sheet RPO 24.xlsx :: Daily Metrics Sheet RPO 24
Daily Metrics Sheet RPO 23.xlsx :: Daily Metrics Sheet RPO 23
Daily Metrics Sheet RPO 20.xlsx :: Daily Metrics Sheet RPO 20
Daily Metrics Sheet RPO 7.xlsx :: Daily Metrics Sheet RPO 7
Daily Metrics Sheet RPO FILLS.xlsx :: Daily Metrics Sheet RPO FILLS
Daily Metrics Sheet RPO 6.xlsx :: Daily Metrics Sheet RPO 6
Personify Team Structure.xlsx :: Personify Team Structure
Core Weekly Tracker.xlsx :: Core Weekly Tracker
All Time Call Report.xlsx :: All Time Call Report
10 Year Bond Source.xlsx :: 10 Year Bond Source
2 Year Bond Source.xlsx :: 2 Year Bond Source
GDP.xlsx :: GDP
RPO Calculated Fee.xlsx :: RPO Calculated Fee
RPO Milestones.xlsx :: RPO Milestones
High Level Dashboard Thresholds.xlsx :: High Level Dashboard Thresholds
